<?xml version="1.0" encoding="UTF-8"?>
<!-- Generated by org.testng.reporters.JUnitReportReporter -->
<testsuite hostname="Sakti-PC" failures="0" tests="3" name="tests.E2ETestForBooking" time="5.222" errors="0" timestamp="2024-09-21T19:42:47 IST" skipped="0">
  <testcase classname="tests.E2ETestForBooking" name="createBooking" time="2.313"/>
  <system-out/>
  <testcase classname="tests.E2ETestForBooking" name="updateBooking" time="1.446"/>
  <system-out/>
  <testcase classname="tests.E2ETestForBooking" name="deleteBooking" time="1.463"/>
  <system-out/>
</testsuite> <!-- tests.E2ETestForBooking -->
