<?xml version="1.0" encoding="UTF-8"?>
<!-- Generated by org.testng.reporters.JUnitReportReporter -->
<testsuite hostname="Mukeshs-MacBook-Air.local" failures="0" tests="1" name="tests.SamirTest" time="0.001" errors="0" timestamp="2024-09-08T10:05:20 IST" skipped="0">
  <testcase classname="tests.SamirTest" name="test1" time="0.001"/>
  <system-out/>
</testsuite> <!-- tests.SamirTest -->
